Received request for hyperty://matrix1.rethink/matrixmn/hyperty/b3031ee5-1c0c-4bcc-8529-f3af7577bf98 hyperties
2016-02-29 11:36:09 INFO  HypertyController:23 - Received request for hyperty://matrix1.rethink/matrixmn/hyperty/b3031ee5-1c0c-4bcc-8529-f3af7577bf98 hyperties
2016-02-29 11:36:10 INFO  HypertyController:23 - Received request for hyperty://matrix1.rethink/matrixmn/hyperty/b3031ee5-1c0c-4bcc-8529-f3af7577bf98 hyperties
2016-02-29 11:36:10 INFO  HypertyController:23 - Received request for hyperty://matrix1.rethink/matrixmn/hyperty/b3031ee5-1c0c-4bcc-8529-f3af7577bf98 hyperties
2016-02-29 11:36:10 INFO  HypertyController:23 - Received request for hyperty://matrix1.rethink/matrixmn/hyperty/b3031ee5-1c0c-4bcc-8529-f3af7577bf98 hyperties
2016-02-29 11:36:43 INFO  HypertyController:35 - Received hyperty with ID: hyperty://matrix1.rethink/matrixmn/hyperty/b3031ee5-1c0c-4bcc-8529-f3af7577bf98 and descriptor: hyperty-catalogue://inesc-id.pt/1/123-Ha-123123
2016-02-29 11:36:43 INFO  HypertyController:38 - Created hyperty with ID: hyperty://matrix1.rethink/matrixmn/hyperty/b3031ee5-1c0c-4bcc-8529-f3af7577bf98
2016-02-29 11:37:46 INFO  HeartBeatThread:52 - deleted hypertyhyperty://matrix1.rethink/matrixmn/hyperty/b3031ee5-1c0c-4bcc-8529-f3af7577bf98 from user user://google.com/test
2016-02-29 18:51:30 INFO  HypertyController:35 - Received hyperty with ID: hyperty1 and descriptor: kkk11jasdasdAA
2016-02-29 18:51:30 INFO  HypertyController:38 - Created hyperty with ID: hyperty1
2016-02-29 18:51:30 INFO  HypertyController:35 - Received hyperty with ID: hyperty2 and descriptor: asdasd112AA
2016-02-29 18:51:30 INFO  HypertyController:38 - Created hyperty with ID: hyperty2
2016-02-29 18:51:30 INFO  HypertyController:23 - Received request for ruijose@inesc.pt hyperties
2016-02-29 18:51:30 INFO  HypertyController:23 - Received request for nuno@inesc.pt hyperties
2016-02-29 18:51:31 INFO  HypertyController:35 - Received hyperty with ID: hyperty1 and descriptor: 12312321istuapt
2016-02-29 18:51:31 INFO  HypertyController:38 - Created hyperty with ID: hyperty1
2016-02-29 18:51:31 INFO  HypertyController:23 - Received request for ruijose@inesc.pt hyperties
2016-02-29 18:51:31 INFO  HypertyController:49 - Deleted hyperty with ID: hyperty1
2016-02-29 18:51:31 INFO  HypertyController:49 - Deleted hyperty with ID: hyperty2
2016-02-29 18:51:38 INFO  HypertyController:35 - Received hyperty with ID: hyperty1 and descriptor: kkk11jasdasdAA
2016-02-29 18:51:38 INFO  HypertyController:38 - Created hyperty with ID: hyperty1
2016-02-29 18:51:38 INFO  HypertyController:35 - Received hyperty with ID: hyperty2 and descriptor: asdasd112AA
2016-02-29 18:51:38 INFO  HypertyController:38 - Created hyperty with ID: hyperty2
2016-02-29 18:51:38 INFO  HypertyController:23 - Received request for ruijose@inesc.pt hyperties
2016-02-29 18:51:38 INFO  HypertyController:23 - Received request for nuno@inesc.pt hyperties
2016-02-29 18:51:39 INFO  HypertyController:35 - Received hyperty with ID: hyperty1 and descriptor: 12312321istuapt
2016-02-29 18:51:39 INFO  HypertyController:38 - Created hyperty with ID: hyperty1
2016-02-29 18:51:39 INFO  HypertyController:23 - Received request for ruijose@inesc.pt hyperties
2016-02-29 18:51:39 INFO  HypertyController:49 - Deleted hyperty with ID: hyperty1
2016-02-29 18:51:39 INFO  HypertyController:49 - Deleted hyperty with ID: hyperty2
2016-02-29 18:57:24 INFO  HypertyController:51 - Received hyperty with ID: hyperty1 and descriptor: kkk11jasdasdAA
2016-02-29 18:57:24 INFO  HypertyController:54 - Created hyperty with ID: hyperty1
2016-02-29 18:57:24 INFO  HypertyController:51 - Received hyperty with ID: hyperty2 and descriptor: asdasd112AA
2016-02-29 18:57:24 INFO  HypertyController:54 - Created hyperty with ID: hyperty2
2016-02-29 18:57:24 INFO  HypertyController:39 - Received request for ruijose@inesc.pt hyperties
2016-02-29 18:57:24 INFO  HypertyController:39 - Received request for nuno@inesc.pt hyperties
2016-02-29 18:57:25 INFO  HypertyController:51 - Received hyperty with ID: hyperty1 and descriptor: 12312321istuapt
2016-02-29 18:57:25 INFO  HypertyController:54 - Created hyperty with ID: hyperty1
2016-02-29 18:57:25 INFO  HypertyController:39 - Received request for ruijose@inesc.pt hyperties
2016-02-29 18:57:26 INFO  HypertyController:65 - Deleted hyperty with ID: hyperty1
2016-02-29 18:57:26 INFO  HypertyController:65 - Deleted hyperty with ID: hyperty2
2016-03-01 10:30:23 INFO  HypertyController:51 - Received hyperty with ID: hyperty://matrix1.rethink/matrixmn/hyperty/b3031ee5-1c0c-4bcc-8529-f3af7577bf98 and descriptor: hyperty-catalogue://inesc-id.pt/1/123-Ha-123123
2016-03-01 10:30:23 INFO  HypertyController:54 - Created hyperty with ID: hyperty://matrix1.rethink/matrixmn/hyperty/b3031ee5-1c0c-4bcc-8529-f3af7577bf98
2016-03-01 10:30:34 INFO  HypertyController:39 - Received request for hyperty://matrix1.rethink/matrixmn/hyperty/b3031ee5-1c0c-4bcc-8529-f3af7577bf98 hyperties
2016-03-01 10:30:38 INFO  HypertyController:39 - Received request for hyperty://matrix1.rethink/matrixmn/hyperty/b3031ee5-1c0c-4bcc-8529-f3af7577bf98 hyperties
2016-03-01 10:30:48 INFO  HypertyController:39 - Received request for user://google.com/test hyperties
2016-03-01 10:31:25 INFO  HeartBeatThread:68 - deleted hypertyhyperty://matrix1.rethink/matrixmn/hyperty/b3031ee5-1c0c-4bcc-8529-f3af7577bf98 from user user://google.com/test
2016-03-01 10:31:53 INFO  HypertyController:51 - Received hyperty with ID: hyperty://matrix1.rethink/matrixmn/hyperty/b3031ee5-1c0c-4bcc-8529-f3af7577bf98 and descriptor: hyperty-catalogue://inesc-id.pt/1/123-Ha-123123
2016-03-01 10:31:53 INFO  HypertyController:54 - Created hyperty with ID: hyperty://matrix1.rethink/matrixmn/hyperty/b3031ee5-1c0c-4bcc-8529-f3af7577bf98
2016-03-01 10:31:56 INFO  HypertyController:39 - Received request for user://google.com/test hyperties
2016-03-01 10:32:36 INFO  HypertyController:65 - Deleted hyperty with ID: hyperty://matrix1.rethink/matrixmn/hyperty/b3031ee5-1c0c-4bcc-8529-f3af7577bf98
2016-03-01 10:33:20 INFO  HypertyController:51 - Received hyperty with ID: hyperty://matrix1.rethink/matrixmn/hyperty/b3031ee5-1c0c-4bcc-8529-f3af7577bf98 and descriptor: hyperty-catalogue://inesc-id.pt/1/123-Ha-123123
2016-03-01 10:33:20 INFO  HypertyController:54 - Created hyperty with ID: hyperty://matrix1.rethink/matrixmn/hyperty/b3031ee5-1c0c-4bcc-8529-f3af7577bf98
2016-03-01 10:35:25 INFO  HeartBeatThread:68 - deleted hypertyhyperty://matrix1.rethink/matrixmn/hyperty/b3031ee5-1c0c-4bcc-8529-f3af7577bf98 from user user://google.com/test
2016-03-01 10:35:33 INFO  HypertyController:39 - Received request for user://google.com/test hyperties
2016-03-01 10:36:41 INFO  HypertyController:52 - Received hyperty with ID: hyperty://matrix1.rethink/matrixmn/hyperty/b3031ee5-1c0c-4bcc-8529-f3af7577bf98 and descriptor: hyperty-catalogue://inesc-id.pt/1/123-Ha-123123
2016-03-01 10:36:41 INFO  HypertyController:55 - Created hyperty with ID: hyperty://matrix1.rethink/matrixmn/hyperty/b3031ee5-1c0c-4bcc-8529-f3af7577bf98
2016-03-01 10:37:48 INFO  HypertyController:51 - Received hyperty with ID: hyperty://matrix1.rethink/matrixmn/hyperty/b3031ee5-1c0c-4bcc-8529-f3af7577bf98 and descriptor: hyperty-catalogue://inesc-id.pt/1/123-Ha-123123
2016-03-01 10:37:48 INFO  HypertyController:54 - Created hyperty with ID: hyperty://matrix1.rethink/matrixmn/hyperty/b3031ee5-1c0c-4bcc-8529-f3af7577bf98
2016-03-01 10:37:58 INFO  HeartBeatThread:68 - deleted hypertyhyperty://matrix1.rethink/matrixmn/hyperty/b3031ee5-1c0c-4bcc-8529-f3af7577bf98 from user user://google.com/test
2016-03-01 10:38:44 INFO  HypertyController:51 - Received hyperty with ID: hyperty://matrix1.rethink/matrixmn/hyperty/b3031ee5-1c0c-4bcc-8529-f3af7577bf98 and descriptor: hyperty-catalogue://inesc-id.pt/1/123-Ha-123123
2016-03-01 10:38:44 INFO  HypertyController:54 - Created hyperty with ID: hyperty://matrix1.rethink/matrixmn/hyperty/b3031ee5-1c0c-4bcc-8529-f3af7577bf98
2016-03-01 10:38:48 INFO  HeartBeatThread:69 - deleted hypertyhyperty://matrix1.rethink/matrixmn/hyperty/b3031ee5-1c0c-4bcc-8529-f3af7577bf98 from user user://google.com/test
2016-03-01 10:39:25 INFO  HypertyController:51 - Received hyperty with ID: hyperty://matrix1.rethink/matrixmn/hyperty/b3031ee5-1c0c-4bcc-8529-f3af7577bf98 and descriptor: hyperty-catalogue://inesc-id.pt/1/123-Ha-123123
2016-03-01 10:39:25 INFO  HypertyController:54 - Created hyperty with ID: hyperty://matrix1.rethink/matrixmn/hyperty/b3031ee5-1c0c-4bcc-8529-f3af7577bf98
2016-03-01 10:40:16 INFO  HypertyController:51 - Received hyperty with ID: hyperty://matrix1.rethink/matrixmn/hyperty/b3031ee5-1c0c-4bcc-8529-f3af7577bf98 and descriptor: hyperty-catalogue://inesc-id.pt/1/123-Ha-123123
2016-03-01 10:40:17 INFO  HypertyController:54 - Created hyperty with ID: hyperty://matrix1.rethink/matrixmn/hyperty/b3031ee5-1c0c-4bcc-8529-f3af7577bf98
2016-03-01 10:42:16 INFO  HypertyController:65 - Deleted hyperty with ID: hyperty://matrix1.rethink/matrixmn/hyperty/b3031ee5-1c0c-4bcc-8529-f3af7577bf98
2016-03-01 10:49:26 INFO  HypertyController:51 - Received hyperty with ID: hyperty1 and descriptor: kkk11jasdasdAA
2016-03-01 10:49:26 INFO  HypertyController:54 - Created hyperty with ID: hyperty1
2016-03-01 10:49:26 INFO  HypertyController:51 - Received hyperty with ID: hyperty2 and descriptor: asdasd112AA
2016-03-01 10:49:26 INFO  HypertyController:54 - Created hyperty with ID: hyperty2
2016-03-01 10:49:26 INFO  HypertyController:39 - Received request for ruijose@inesc.pt hyperties
2016-03-01 10:49:26 INFO  HypertyController:39 - Received request for nuno@inesc.pt hyperties
2016-03-01 10:49:27 INFO  HeartBeatThread:68 - deleted hypertyhyperty2 from user ruijose@inesc.pt
2016-03-01 10:49:27 INFO  HypertyController:51 - Received hyperty with ID: hyperty1 and descriptor: 12312321istuapt
2016-03-01 10:49:27 INFO  HypertyController:54 - Created hyperty with ID: hyperty1
2016-03-01 10:49:27 INFO  HypertyController:39 - Received request for ruijose@inesc.pt hyperties
2016-03-01 10:49:27 INFO  HypertyController:65 - Deleted hyperty with ID: hyperty1
2016-03-01 10:51:05 INFO  HypertyController:51 - Received hyperty with ID: hyperty1 and descriptor: kkk11jasdasdAA
2016-03-01 10:51:05 INFO  HypertyController:54 - Created hyperty with ID: hyperty1
2016-03-01 10:51:05 INFO  HypertyController:51 - Received hyperty with ID: hyperty2 and descriptor: asdasd112AA
2016-03-01 10:51:05 INFO  HypertyController:54 - Created hyperty with ID: hyperty2
2016-03-01 10:51:05 INFO  HypertyController:39 - Received request for ruijose@inesc.pt hyperties
2016-03-01 10:51:05 INFO  HypertyController:39 - Received request for nuno@inesc.pt hyperties
2016-03-01 10:51:06 INFO  HypertyController:51 - Received hyperty with ID: hyperty1 and descriptor: 12312321istuapt
2016-03-01 10:51:06 INFO  HypertyController:54 - Created hyperty with ID: hyperty1
2016-03-01 10:51:06 INFO  HypertyController:39 - Received request for ruijose@inesc.pt hyperties
2016-03-01 10:51:06 INFO  HypertyController:65 - Deleted hyperty with ID: hyperty1
2016-03-01 10:51:06 INFO  HypertyController:65 - Deleted hyperty with ID: hyperty2
2016-03-01 10:51:34 INFO  HypertyController:51 - Received hyperty with ID: hyperty1 and descriptor: kkk11jasdasdAA
2016-03-01 10:51:34 INFO  HypertyController:54 - Created hyperty with ID: hyperty1
2016-03-01 10:51:34 INFO  HypertyController:51 - Received hyperty with ID: hyperty2 and descriptor: asdasd112AA
2016-03-01 10:51:34 INFO  HypertyController:54 - Created hyperty with ID: hyperty2
2016-03-01 10:51:34 INFO  HypertyController:39 - Received request for ruijose@inesc.pt hyperties
2016-03-01 10:51:34 INFO  HypertyController:39 - Received request for nuno@inesc.pt hyperties
2016-03-01 10:51:35 INFO  HypertyController:51 - Received hyperty with ID: hyperty1 and descriptor: 12312321istuapt
2016-03-01 10:51:35 INFO  HypertyController:54 - Created hyperty with ID: hyperty1
2016-03-01 10:51:35 INFO  HypertyController:39 - Received request for ruijose@inesc.pt hyperties
2016-03-01 10:51:35 INFO  HypertyController:65 - Deleted hyperty with ID: hyperty1
2016-03-01 10:51:35 INFO  HypertyController:65 - Deleted hyperty with ID: hyperty2
2016-03-01 10:52:43 INFO  HypertyController:51 - Received hyperty with ID: hyperty1 and descriptor: kkk11jasdasdAA
2016-03-01 10:52:43 INFO  HypertyController:54 - Created hyperty with ID: hyperty1
2016-03-01 10:52:43 INFO  HypertyController:51 - Received hyperty with ID: hyperty2 and descriptor: asdasd112AA
2016-03-01 10:52:43 INFO  HypertyController:54 - Created hyperty with ID: hyperty2
2016-03-01 10:52:43 INFO  HypertyController:39 - Received request for ruijose@inesc.pt hyperties
2016-03-01 10:52:43 INFO  HypertyController:39 - Received request for nuno@inesc.pt hyperties
2016-03-01 10:52:44 INFO  HypertyController:51 - Received hyperty with ID: hyperty1 and descriptor: 12312321istuapt
2016-03-01 10:52:44 INFO  HypertyController:54 - Created hyperty with ID: hyperty1
2016-03-01 10:52:44 INFO  HypertyController:39 - Received request for ruijose@inesc.pt hyperties
2016-03-01 10:52:44 INFO  HypertyController:65 - Deleted hyperty with ID: hyperty1
2016-03-01 10:52:44 INFO  HypertyController:65 - Deleted hyperty with ID: hyperty2
2016-03-01 10:53:01 INFO  HypertyController:51 - Received hyperty with ID: hyperty1 and descriptor: kkk11jasdasdAA
2016-03-01 10:53:01 INFO  HypertyController:54 - Created hyperty with ID: hyperty1
2016-03-01 10:53:01 INFO  HypertyController:51 - Received hyperty with ID: hyperty2 and descriptor: asdasd112AA
2016-03-01 10:53:01 INFO  HypertyController:54 - Created hyperty with ID: hyperty2
2016-03-01 10:53:01 INFO  HypertyController:39 - Received request for ruijose@inesc.pt hyperties
2016-03-01 10:53:01 INFO  HypertyController:39 - Received request for nuno@inesc.pt hyperties
2016-03-01 10:53:02 INFO  HypertyController:51 - Received hyperty with ID: hyperty1 and descriptor: 12312321istuapt
2016-03-01 10:53:02 INFO  HypertyController:54 - Created hyperty with ID: hyperty1
2016-03-01 10:53:02 INFO  HypertyController:39 - Received request for ruijose@inesc.pt hyperties
2016-03-01 10:53:02 INFO  HypertyController:65 - Deleted hyperty with ID: hyperty1
2016-03-01 10:53:02 INFO  HypertyController:65 - Deleted hyperty with ID: hyperty2
2016-03-01 10:53:45 INFO  HypertyController:51 - Received hyperty with ID: hyperty1 and descriptor: kkk11jasdasdAA
2016-03-01 10:53:45 INFO  HypertyController:54 - Created hyperty with ID: hyperty1
2016-03-01 10:53:46 INFO  HypertyController:51 - Received hyperty with ID: hyperty2 and descriptor: asdasd112AA
2016-03-01 10:53:46 INFO  HypertyController:54 - Created hyperty with ID: hyperty2
2016-03-01 10:53:46 INFO  HypertyController:39 - Received request for ruijose@inesc.pt hyperties
2016-03-01 10:53:46 INFO  HypertyController:39 - Received request for nuno@inesc.pt hyperties
2016-03-01 10:53:47 INFO  HypertyController:51 - Received hyperty with ID: hyperty1 and descriptor: 12312321istuapt
2016-03-01 10:53:47 INFO  HypertyController:54 - Created hyperty with ID: hyperty1
2016-03-01 10:53:47 INFO  HypertyController:39 - Received request for ruijose@inesc.pt hyperties
2016-03-01 10:53:47 INFO  HypertyController:65 - Deleted hyperty with ID: hyperty1
2016-03-01 10:53:47 INFO  HypertyController:65 - Deleted hyperty with ID: hyperty2
2016-03-01 10:53:58 INFO  HypertyController:51 - Received hyperty with ID: hyperty1 and descriptor: kkk11jasdasdAA
2016-03-01 10:53:58 INFO  HypertyController:54 - Created hyperty with ID: hyperty1
2016-03-01 10:53:58 INFO  HypertyController:51 - Received hyperty with ID: hyperty2 and descriptor: asdasd112AA
2016-03-01 10:53:58 INFO  HypertyController:54 - Created hyperty with ID: hyperty2
2016-03-01 10:53:58 INFO  HypertyController:39 - Received request for ruijose@inesc.pt hyperties
2016-03-01 10:53:58 INFO  HypertyController:39 - Received request for nuno@inesc.pt hyperties
2016-03-01 10:53:59 INFO  HypertyController:51 - Received hyperty with ID: hyperty1 and descriptor: 12312321istuapt
2016-03-01 10:53:59 INFO  HypertyController:54 - Created hyperty with ID: hyperty1
2016-03-01 10:53:59 INFO  HypertyController:39 - Received request for ruijose@inesc.pt hyperties
2016-03-01 10:53:59 INFO  HypertyController:65 - Deleted hyperty with ID: hyperty1
2016-03-01 10:53:59 INFO  HypertyController:65 - Deleted hyperty with ID: hyperty2
2016-03-01 10:54:45 INFO  HypertyController:51 - Received hyperty with ID: hyperty1 and descriptor: kkk11jasdasdAA
2016-03-01 10:54:45 INFO  HypertyController:54 - Created hyperty with ID: hyperty1
2016-03-01 10:54:45 INFO  HypertyController:51 - Received hyperty with ID: hyperty2 and descriptor: asdasd112AA
2016-03-01 10:54:45 INFO  HypertyController:54 - Created hyperty with ID: hyperty2
2016-03-01 10:54:45 INFO  HypertyController:39 - Received request for ruijose@inesc.pt hyperties
2016-03-01 10:54:45 INFO  HypertyController:39 - Received request for nuno@inesc.pt hyperties
2016-03-01 10:54:46 INFO  HypertyController:51 - Received hyperty with ID: hyperty1 and descriptor: 12312321istuapt
2016-03-01 10:54:46 INFO  HypertyController:54 - Created hyperty with ID: hyperty1
2016-03-01 10:54:46 INFO  HypertyController:39 - Received request for ruijose@inesc.pt hyperties
2016-03-01 10:54:46 INFO  HypertyController:65 - Deleted hyperty with ID: hyperty1
2016-03-01 10:54:46 INFO  HypertyController:65 - Deleted hyperty with ID: hyperty2
2016-03-01 10:55:17 INFO  HypertyController:51 - Received hyperty with ID: hyperty1 and descriptor: kkk11jasdasdAA
2016-03-01 10:55:17 INFO  HypertyController:54 - Created hyperty with ID: hyperty1
2016-03-01 10:55:17 INFO  HypertyController:51 - Received hyperty with ID: hyperty2 and descriptor: asdasd112AA
2016-03-01 10:55:17 INFO  HypertyController:54 - Created hyperty with ID: hyperty2
2016-03-01 10:55:18 INFO  HypertyController:39 - Received request for ruijose@inesc.pt hyperties
2016-03-01 10:55:18 INFO  HypertyController:39 - Received request for nuno@inesc.pt hyperties
2016-03-01 10:55:19 INFO  HypertyController:51 - Received hyperty with ID: hyperty1 and descriptor: 12312321istuapt
2016-03-01 10:55:19 INFO  HypertyController:54 - Created hyperty with ID: hyperty1
2016-03-01 10:55:19 INFO  HypertyController:39 - Received request for ruijose@inesc.pt hyperties
2016-03-01 10:55:19 INFO  HypertyController:65 - Deleted hyperty with ID: hyperty1
2016-03-01 10:55:19 INFO  HypertyController:65 - Deleted hyperty with ID: hyperty2
2016-03-01 10:55:32 INFO  HypertyController:51 - Received hyperty with ID: hyperty1 and descriptor: kkk11jasdasdAA
2016-03-01 10:55:32 INFO  HypertyController:54 - Created hyperty with ID: hyperty1
2016-03-01 10:55:32 INFO  HypertyController:51 - Received hyperty with ID: hyperty2 and descriptor: asdasd112AA
2016-03-01 10:55:32 INFO  HypertyController:54 - Created hyperty with ID: hyperty2
2016-03-01 10:55:32 INFO  HypertyController:39 - Received request for ruijose@inesc.pt hyperties
2016-03-01 10:55:32 INFO  HypertyController:39 - Received request for nuno@inesc.pt hyperties
2016-03-01 10:55:33 INFO  HypertyController:51 - Received hyperty with ID: hyperty1 and descriptor: 12312321istuapt
2016-03-01 10:55:33 INFO  HypertyController:54 - Created hyperty with ID: hyperty1
2016-03-01 10:55:33 INFO  HypertyController:39 - Received request for ruijose@inesc.pt hyperties
2016-03-01 10:55:33 INFO  HypertyController:65 - Deleted hyperty with ID: hyperty1
2016-03-01 10:55:33 INFO  HypertyController:65 - Deleted hyperty with ID: hyperty2
2016-03-01 10:58:06 INFO  HypertyController:51 - Received hyperty with ID: hyperty://matrix1.rethink/matrixmn/hyperty/b3031ee5-1c0c-4bcc-8529-f3af7577bf98 and descriptor: hyperty-catalogue://inesc-id.pt/1/123-Ha-123123
2016-03-01 10:58:06 INFO  HypertyController:54 - Created hyperty with ID: hyperty://matrix1.rethink/matrixmn/hyperty/b3031ee5-1c0c-4bcc-8529-f3af7577bf98
2016-03-01 10:58:41 INFO  HypertyController:51 - Received hyperty with ID: hyperty://matrix1.rethink/matrixmn/hyperty/b3031ee5-1c0c-4bcc-8529-f3af7577bf98 and descriptor: hyperty-catalogue://ua-id.pt/1/123-Ha-123123
2016-03-01 10:58:41 INFO  HypertyController:54 - Created hyperty with ID: hyperty://matrix1.rethink/matrixmn/hyperty/b3031ee5-1c0c-4bcc-8529-f3af7577bf98
2016-03-01 10:59:00 INFO  HypertyController:51 - Received hyperty with ID: hyperty://matrix1.rethink/matrixmn/hyperty/b3031ee5-1c0c-4bcc-8529-f3af7577bf98 and descriptor: hyperty-catalogue://ua-id.pt/1/123-Ha-123123
2016-03-01 10:59:00 INFO  HypertyController:54 - Created hyperty with ID: hyperty://matrix1.rethink/matrixmn/hyperty/b3031ee5-1c0c-4bcc-8529-f3af7577bf98
2016-03-01 10:59:11 INFO  HypertyController:39 - Received request for user://inesc.com/tejoaot hyperties
2016-03-01 10:59:40 INFO  HypertyController:39 - Received request for user://google.com.com/test hyperties
2016-03-01 10:59:49 INFO  HypertyController:39 - Received request for user://google.com/test hyperties
2016-03-01 11:00:01 INFO  HypertyController:39 - Received request for user://inesc.com/test hyperties
2016-03-01 11:00:09 INFO  HypertyController:51 - Received hyperty with ID: hyperty://matrix1.rethink/matrixmn/hyperty/b3031ee5-1c0c-4bcc-8529-f3af7577bf98 and descriptor: hyperty-catalogue://ua-id.pt/1/123-Ha-123123
2016-03-01 11:00:09 INFO  HypertyController:54 - Created hyperty with ID: hyperty://matrix1.rethink/matrixmn/hyperty/b3031ee5-1c0c-4bcc-8529-f3af7577bf98
2016-03-01 11:00:12 INFO  HypertyController:39 - Received request for user://inesc.com/tejoaot hyperties
2016-03-01 11:00:16 INFO  HypertyController:39 - Received request for user://inesc.com/test hyperties
2016-03-01 11:00:18 INFO  HypertyController:39 - Received request for user://google.com.com/test hyperties
2016-03-01 11:00:20 INFO  HypertyController:39 - Received request for user://google.com.com/test hyperties
2016-03-01 11:00:26 INFO  HypertyController:39 - Received request for user://google.com.com/test hyperties
2016-03-01 11:00:28 INFO  HypertyController:39 - Received request for user://inesc.com/test hyperties
2016-03-01 11:00:40 INFO  HypertyController:39 - Received request for user://inesc.com/tejoaot hyperties
2016-03-01 11:00:45 INFO  HypertyController:39 - Received request for user://inesc.com/tejoaot hyperties
2016-03-01 11:00:49 INFO  HypertyController:39 - Received request for user://inesc.com/test hyperties
2016-03-01 11:00:54 INFO  HypertyController:39 - Received request for user://google.com.com/test hyperties
2016-03-01 11:01:06 INFO  HypertyController:39 - Received request for user://google.com/test hyperties
2016-03-01 11:01:09 INFO  HypertyController:39 - Received request for user://google.com/test hyperties
2016-03-01 11:01:15 INFO  HypertyController:39 - Received request for user://inesc.com/test hyperties
2016-03-01 11:01:17 INFO  HypertyController:39 - Received request for user://inesc.com/tejoaot hyperties
2016-03-01 11:01:50 INFO  HypertyController:51 - Received hyperty with ID: hyperty://matrix1.rethink/matrixmn/hyperty/b3031ee5-1c0c-4bpppc-8529-f3af7577bf98 and descriptor: hyperty-catalogue://ua-id.pt/1/123-Ha-pp3123
2016-03-01 11:01:50 INFO  HypertyController:54 - Created hyperty with ID: hyperty://matrix1.rethink/matrixmn/hyperty/b3031ee5-1c0c-4bpppc-8529-f3af7577bf98
2016-03-01 11:01:53 INFO  HypertyController:39 - Received request for user://inesc.com/tejoaot hyperties
2016-03-01 11:01:58 INFO  HypertyController:39 - Received request for user://inesc.com/test hyperties
2016-03-01 11:02:05 INFO  HypertyController:39 - Received request for user://google.com.com/test hyperties
2016-03-01 11:02:08 INFO  HypertyController:39 - Received request for user://inesc.com/test hyperties
2016-03-01 11:02:14 INFO  HypertyController:39 - Received request for user://inesc.com/tejoaot hyperties
2016-03-01 11:02:30 INFO  HypertyController:39 - Received request for user://google.com/test hyperties
2016-03-01 11:02:32 INFO  HypertyController:39 - Received request for user://google.com/test hyperties
2016-03-01 11:02:35 INFO  HypertyController:39 - Received request for user://inesc.com/tejoaot hyperties
2016-03-01 11:02:37 INFO  HypertyController:39 - Received request for user://inesc.com/test hyperties
2016-03-01 11:03:40 INFO  HypertyController:39 - Received request for user://inesc.com/test hyperties
2016-03-01 11:04:21 INFO  HypertyController:39 - Received request for user://inesc.com/test hyperties
2016-03-01 11:04:24 INFO  HypertyController:39 - Received request for user://inesc.com/tejoaot hyperties
2016-03-01 11:05:05 INFO  HypertyController:39 - Received request for user://google.com/test hyperties
2016-03-01 11:05:07 INFO  HypertyController:39 - Received request for user://inesc.com/tejoaot hyperties
2016-03-01 11:05:27 INFO  HypertyController:39 - Received request for user://google.com/test hyperties
2016-03-01 11:05:46 INFO  HypertyController:39 - Received request for user://google.com/test hyperties
2016-03-01 11:05:59 INFO  HypertyController:39 - Received request for user://inesc.com/test hyperties
2016-03-01 11:06:24 INFO  HypertyController:39 - Received request for user://inesc.com/tejoaot hyperties
2016-03-01 11:06:48 INFO  HypertyController:39 - Received request for user://google.com/test hyperties
2016-03-01 11:07:00 INFO  HypertyController:39 - Received request for user://inesc.com/test hyperties
2016-03-01 11:07:05 INFO  HypertyController:39 - Received request for user://inesc.com/tejoaot hyperties
2016-03-01 11:10:14 INFO  HeartBeatThread:68 - deleted hypertyhyperty://matrix1.rethink/matrixmn/hyperty/b3031ee5-1c0c-4bcc-8529-f3af7577bf98 from user user://inesc.com/tejoaot
2016-03-01 11:11:04 INFO  HypertyController:39 - Received request for user://inesc.com/tejoaot hyperties
2016-03-01 11:28:44 INFO  HeartBeatThread:68 - deleted hypertyhyperty://matrix1.rethink/matrixmn/hyperty/b3031ee5-1c0c-4bcc-8529-f3af7577bf98 from user user://inesc.com/test
2016-03-01 11:28:56 INFO  HypertyController:39 - Received request for user://inesc.com/test hyperties
2016-03-01 11:29:05 INFO  HypertyController:39 - Received request for user://inesc.com/tejoaot hyperties
2016-03-01 11:29:21 INFO  HypertyController:39 - Received request for user://google.com/test hyperties
2016-03-01 11:58:14 INFO  HeartBeatThread:68 - deleted hypertyhyperty://matrix1.rethink/matrixmn/hyperty/b3031ee5-1c0c-4bcc-8529-f3af7577bf98 from user user://google.com/test
2016-03-01 11:58:30 INFO  HypertyController:39 - Received request for user://google.com.com/test hyperties
2016-03-01 11:58:37 INFO  HypertyController:39 - Received request for user://inesc.com/tejoaot hyperties
2016-03-01 12:41:55 INFO  HeartBeatThread:68 - deleted hypertyhyperty://matrix1.rethink/matrixmn/hyperty/b3031ee5-1c0c-4bpppc-8529-f3af7577bf98 from user user://inesc.com/tejoaot
2016-03-01 12:50:27 INFO  HypertyController:39 - Received request for user://inesc.com/tejoaot hyperties
2016-03-01 12:56:27 INFO  HypertyController:51 - Received hyperty with ID: hyperty://matrix1.rethink/matrixmn/hyperty/b3031ee5-1c0c-4bpppc-8529-f3af7577bf98 and descriptor: hyperty-catalogue://ua-id.pt/1/123-Ha-pp3123
2016-03-01 12:56:27 INFO  HypertyController:54 - Created hyperty with ID: hyperty://matrix1.rethink/matrixmn/hyperty/b3031ee5-1c0c-4bpppc-8529-f3af7577bf98
2016-03-01 12:56:32 INFO  HypertyController:39 - Received request for user://inesc.com/tejoaot hyperties
2016-03-01 12:56:40 INFO  HypertyController:65 - Deleted hyperty with ID: hyperty://matrix1.rethink/matrixmn/hyperty/b3031ee5-1c0c-4bpppc-8529-f3af7577bf98
2016-03-01 12:56:42 INFO  HypertyController:39 - Received request for user://inesc.com/tejoaot hyperties
2016-03-01 12:57:20 INFO  HypertyController:51 - Received hyperty with ID: hyperty1 and descriptor: kkk11jasdasdAA
2016-03-01 12:57:20 INFO  HypertyController:54 - Created hyperty with ID: hyperty1
2016-03-01 12:57:20 INFO  HypertyController:51 - Received hyperty with ID: hyperty2 and descriptor: asdasd112AA
2016-03-01 12:57:20 INFO  HypertyController:54 - Created hyperty with ID: hyperty2
2016-03-01 12:57:20 INFO  HypertyController:39 - Received request for ruijose@inesc.pt hyperties
2016-03-01 12:57:20 INFO  HypertyController:39 - Received request for nuno@inesc.pt hyperties
2016-03-01 12:57:21 INFO  HypertyController:51 - Received hyperty with ID: hyperty1 and descriptor: 12312321istuapt
2016-03-01 12:57:21 INFO  HypertyController:54 - Created hyperty with ID: hyperty1
2016-03-01 12:57:21 INFO  HypertyController:39 - Received request for ruijose@inesc.pt hyperties
2016-03-01 12:57:21 INFO  HypertyController:65 - Deleted hyperty with ID: hyperty1
2016-03-01 12:57:21 INFO  HypertyController:65 - Deleted hyperty with ID: hyperty2
2016-03-01 14:16:45 INFO  HypertyController:51 - Received hyperty with ID: hyperty://matrix1.rethink/matrixmn/hyperty/b3031ee5-1c0c-4bpppc-8529-f3af7577bf98 and descriptor: hyperty-catalogue://ua-id.pt/1/123-Ha-pp3123
2016-03-01 14:16:45 INFO  HypertyController:54 - Created hyperty with ID: hyperty://matrix1.rethink/matrixmn/hyperty/b3031ee5-1c0c-4bpppc-8529-f3af7577bf98
2016-03-01 14:16:52 INFO  HypertyController:39 - Received request for user://inesc.com/tejoaot hyperties
2016-03-01 14:17:04 INFO  HypertyController:39 - Received request for user://inesc.com/tejoaot hyperties
2016-03-01 14:17:06 INFO  HypertyController:39 - Received request for user://inesc.com/tejoaot hyperties
2016-03-01 14:17:06 INFO  HypertyController:39 - Received request for user://inesc.com/tejoaot hyperties
2016-03-01 14:17:08 INFO  HypertyController:39 - Received request for user://inesc.com/tejoaot hyperties
2016-03-01 14:17:09 INFO  HypertyController:39 - Received request for user://inesc.com/tejoaot hyperties
2016-03-01 14:17:09 INFO  HypertyController:39 - Received request for user://inesc.com/tejoaot hyperties
2016-03-01 14:17:10 INFO  HypertyController:39 - Received request for user://inesc.com/tejoaot hyperties
2016-03-01 14:17:10 INFO  HypertyController:39 - Received request for user://inesc.com/tejoaot hyperties
2016-03-01 14:17:10 INFO  HypertyController:39 - Received request for user://inesc.com/tejoaot hyperties
2016-03-01 14:17:11 INFO  HypertyController:39 - Received request for user://inesc.com/tejoaot hyperties
2016-03-01 14:17:11 INFO  HypertyController:39 - Received request for user://inesc.com/tejoaot hyperties
2016-03-01 14:17:11 INFO  HypertyController:39 - Received request for user://inesc.com/tejoaot hyperties
2016-03-01 14:17:12 INFO  HypertyController:39 - Received request for user://inesc.com/tejoaot hyperties
2016-03-01 14:17:12 INFO  HypertyController:39 - Received request for user://inesc.com/tejoaot hyperties
2016-03-01 14:17:12 INFO  HypertyController:39 - Received request for user://inesc.com/tejoaot hyperties
2016-03-01 14:17:13 INFO  HypertyController:39 - Received request for user://inesc.com/tejoaot hyperties
2016-03-01 14:17:13 INFO  HypertyController:39 - Received request for user://inesc.com/tejoaot hyperties
2016-03-01 14:17:13 INFO  HypertyController:39 - Received request for user://inesc.com/tejoaot hyperties
2016-03-01 14:17:13 INFO  HypertyController:39 - Received request for user://inesc.com/tejoaot hyperties
2016-03-01 14:17:18 INFO  HypertyController:39 - Received request for user://inesc.com/tejoaot hyperties
2016-03-01 14:17:18 INFO  HypertyController:39 - Received request for user://inesc.com/tejoaot hyperties
2016-03-01 14:17:20 INFO  HypertyController:39 - Received request for user://inesc.com/tejoaot hyperties
2016-03-01 14:17:20 INFO  HypertyController:39 - Received request for user://inesc.com/tejoaot hyperties
2016-03-01 14:17:22 INFO  HypertyController:39 - Received request for user://inesc.com/tejoaot hyperties
2016-03-01 14:17:22 INFO  HypertyController:39 - Received request for user://inesc.com/tejoaot hyperties
2016-03-01 14:17:23 INFO  HypertyController:39 - Received request for user://inesc.com/tejoaot hyperties
2016-03-01 14:17:23 INFO  HypertyController:39 - Received request for user://inesc.com/tejoaot hyperties
2016-03-01 14:17:23 INFO  HypertyController:39 - Received request for user://inesc.com/tejoaot hyperties
2016-03-01 14:17:24 INFO  HypertyController:39 - Received request for user://inesc.com/tejoaot hyperties
2016-03-01 14:17:24 INFO  HypertyController:39 - Received request for user://inesc.com/tejoaot hyperties
2016-03-01 14:17:24 INFO  HypertyController:39 - Received request for user://inesc.com/tejoaot hyperties
2016-03-01 14:17:25 INFO  HypertyController:39 - Received request for user://inesc.com/tejoaot hyperties
2016-03-01 14:17:25 INFO  HypertyController:39 - Received request for user://inesc.com/tejoaot hyperties
2016-03-01 14:17:25 INFO  HypertyController:39 - Received request for user://inesc.com/tejoaot hyperties
2016-03-01 14:17:26 INFO  HypertyController:39 - Received request for user://inesc.com/tejoaot hyperties
2016-03-01 14:17:26 INFO  HypertyController:39 - Received request for user://inesc.com/tejoaot hyperties
2016-03-01 14:17:26 INFO  HypertyController:39 - Received request for user://inesc.com/tejoaot hyperties
2016-03-01 14:17:26 INFO  HypertyController:39 - Received request for user://inesc.com/tejoaot hyperties
2016-03-01 14:17:27 INFO  HypertyController:39 - Received request for user://inesc.com/tejoaot hyperties
2016-03-01 14:17:27 INFO  HypertyController:39 - Received request for user://inesc.com/tejoaot hyperties
2016-03-01 14:17:27 INFO  HypertyController:39 - Received request for user://inesc.com/tejoaot hyperties
2016-03-01 14:17:27 INFO  HypertyController:39 - Received request for user://inesc.com/tejoaot hyperties
2016-03-01 14:17:28 INFO  HypertyController:39 - Received request for user://inesc.com/tejoaot hyperties
2016-03-01 14:17:36 INFO  HypertyController:39 - Received request for user://inesc.com/tejoaot hyperties
2016-03-01 15:14:03 INFO  HypertyController:51 - Received hyperty with ID: hyperty://matrix1.rethink/matrixmn/hyperty/b3031ee5-1c0c-4bpppc-8529-f3af7577bf98 and descriptor: hyperty-catalogue://ua-id.pt/1/123-Ha-pp3123
2016-03-01 15:14:03 INFO  HypertyController:54 - Created hyperty with ID: hyperty://matrix1.rethink/matrixmn/hyperty/b3031ee5-1c0c-4bpppc-8529-f3af7577bf98
2016-03-01 15:14:10 INFO  HypertyController:39 - Received request for user://inesc.com/tejoaot hyperties
2016-03-01 15:14:15 INFO  HypertyController:39 - Received request for user://inesc.com/tejoaot hyperties
2016-03-01 15:14:16 INFO  HypertyController:39 - Received request for user://inesc.com/tejoaot hyperties
2016-03-01 15:14:16 INFO  HypertyController:39 - Received request for user://inesc.com/tejoaot hyperties
2016-03-01 15:14:16 INFO  HypertyController:39 - Received request for user://inesc.com/tejoaot hyperties
2016-03-01 15:14:17 INFO  HypertyController:39 - Received request for user://inesc.com/tejoaot hyperties
2016-03-01 15:14:17 INFO  HypertyController:39 - Received request for user://inesc.com/tejoaot hyperties
2016-03-01 15:14:17 INFO  HypertyController:39 - Received request for user://inesc.com/tejoaot hyperties
2016-03-01 15:14:18 INFO  HypertyController:39 - Received request for user://inesc.com/tejoaot hyperties
2016-03-01 15:14:18 INFO  HypertyController:39 - Received request for user://inesc.com/tejoaot hyperties
2016-03-01 15:14:20 INFO  HypertyController:39 - Received request for user://inesc.com/tejoaot hyperties
2016-03-01 15:14:21 INFO  HypertyController:39 - Received request for user://inesc.com/tejoaot hyperties
2016-03-01 15:14:21 INFO  HypertyController:39 - Received request for user://inesc.com/tejoaot hyperties
2016-03-01 15:14:22 INFO  HypertyController:39 - Received request for user://inesc.com/tejoaot hyperties
2016-03-01 15:14:22 INFO  HypertyController:39 - Received request for user://inesc.com/tejoaot hyperties
2016-03-01 15:14:22 INFO  HypertyController:39 - Received request for user://inesc.com/tejoaot hyperties
2016-03-01 15:14:23 INFO  HypertyController:39 - Received request for user://inesc.com/tejoaot hyperties
2016-03-01 15:14:27 INFO  HypertyController:39 - Received request for user://inesc.com/tejoaot hyperties
2016-03-01 15:14:27 INFO  HypertyService:68 - Deleted hypertyhyperty://matrix1.rethink/matrixmn/hyperty/b3031ee5-1c0c-4bpppc-8529-f3af7577bf98 from user user://inesc.com/tejoaot
2016-03-01 15:14:32 INFO  HypertyController:39 - Received request for user://inesc.com/tejoaot hyperties
2016-03-01 15:14:34 INFO  HypertyController:39 - Received request for user://inesc.com/tejoaot hyperties
2016-03-01 15:14:34 INFO  HypertyController:39 - Received request for user://inesc.com/tejoaot hyperties
2016-03-01 15:14:35 INFO  HypertyController:39 - Received request for user://inesc.com/tejoaot hyperties
2016-03-01 15:14:35 INFO  HypertyController:39 - Received request for user://inesc.com/tejoaot hyperties
2016-03-01 15:14:36 INFO  HypertyController:39 - Received request for user://inesc.com/tejoaot hyperties
2016-03-01 15:15:47 INFO  HypertyController:51 - Received hyperty with ID: hyperty://matrix1.rethink/matrixmn/hyperty/b3031ee5-1c0c-4bpppc-8529-f3af7577bf98 and descriptor: hyperty-catalogue://ua-id.pt/1/123-Ha-pp3123
2016-03-01 15:15:47 INFO  HypertyController:54 - Created hyperty with ID: hyperty://matrix1.rethink/matrixmn/hyperty/b3031ee5-1c0c-4bpppc-8529-f3af7577bf98
2016-03-01 15:15:50 INFO  HypertyController:39 - Received request for user://inesc.com/tejoaot hyperties
2016-03-01 15:15:55 INFO  HypertyController:39 - Received request for user://inesc.com/tejoao hyperties
2016-03-01 15:17:52 INFO  HypertyController:51 - Received hyperty with ID: hyperty://matrix1.rethink/matrixmn/hyperty/b3031ee5-1c0c-4bpppc-8529-f3af7577bf98 and descriptor: hyperty-catalogue://ua-id.pt/1/123-Ha-pp3123
2016-03-01 15:17:52 INFO  HypertyController:54 - Created hyperty with ID: hyperty://matrix1.rethink/matrixmn/hyperty/b3031ee5-1c0c-4bpppc-8529-f3af7577bf98
2016-03-01 15:18:00 INFO  HypertyController:51 - Received hyperty with ID: hyperty://matrix1.rethink/matrixmn/hyperty/b3031ee5-1c0c-4bppasasdpc-8529-f3af7577bf98 and descriptor: hyperty-catalogue://ua-id.pt/1/123-Ha-pp3123
2016-03-01 15:18:00 INFO  HypertyController:54 - Created hyperty with ID: hyperty://matrix1.rethink/matrixmn/hyperty/b3031ee5-1c0c-4bppasasdpc-8529-f3af7577bf98
2016-03-01 15:18:02 INFO  HypertyController:39 - Received request for user://inesc.com/tejoao hyperties
2016-03-01 15:18:04 INFO  HypertyController:39 - Received request for user://inesc.com/tejoaot hyperties
2016-03-01 15:18:04 INFO  HypertyService:67 - Deleted hypertyhyperty://matrix1.rethink/matrixmn/hyperty/b3031ee5-1c0c-4bpppc-8529-f3af7577bf98 from user user://inesc.com/tejoaot
2016-03-01 15:18:08 INFO  HypertyController:39 - Received request for user://inesc.com/tejoaot hyperties
2016-03-01 15:18:09 INFO  HypertyController:39 - Received request for user://inesc.com/tejoaot hyperties
2016-03-01 15:18:10 INFO  HypertyController:39 - Received request for user://inesc.com/tejoaot hyperties
2016-03-01 15:18:11 INFO  HypertyController:39 - Received request for user://inesc.com/tejoaot hyperties
2016-03-01 15:18:11 INFO  HypertyController:39 - Received request for user://inesc.com/tejoaot hyperties
2016-03-01 15:18:12 INFO  HypertyController:39 - Received request for user://inesc.com/tejoaot hyperties
2016-03-01 15:18:21 INFO  HypertyController:39 - Received request for user://inesc.com/tejoaot hyperties
2016-03-01 15:18:23 INFO  HypertyController:39 - Received request for user://inesc.com/tejoaot hyperties
2016-03-01 15:18:23 INFO  HypertyController:39 - Received request for user://inesc.com/tejoaot hyperties
2016-03-01 15:18:23 INFO  HypertyController:39 - Received request for user://inesc.com/tejoaot hyperties
2016-03-01 15:18:24 INFO  HypertyController:39 - Received request for user://inesc.com/tejoaot hyperties
2016-03-01 15:18:24 INFO  HypertyController:39 - Received request for user://inesc.com/tejoaot hyperties
2016-03-01 15:18:24 INFO  HypertyController:39 - Received request for user://inesc.com/tejoaot hyperties
2016-03-01 15:18:24 INFO  HypertyController:39 - Received request for user://inesc.com/tejoaot hyperties
2016-03-01 15:18:25 INFO  HypertyController:39 - Received request for user://inesc.com/tejoaot hyperties
2016-03-01 15:18:25 INFO  HypertyController:39 - Received request for user://inesc.com/tejoaot hyperties
2016-03-01 15:18:25 INFO  HypertyController:39 - Received request for user://inesc.com/tejoaot hyperties
2016-03-01 15:18:26 INFO  HypertyController:39 - Received request for user://inesc.com/tejoaot hyperties
2016-03-01 15:18:26 INFO  HypertyController:39 - Received request for user://inesc.com/tejoaot hyperties
2016-03-01 15:18:26 INFO  HypertyController:39 - Received request for user://inesc.com/tejoaot hyperties
2016-03-01 15:18:26 INFO  HypertyController:39 - Received request for user://inesc.com/tejoaot hyperties
2016-03-01 15:18:27 INFO  HypertyController:39 - Received request for user://inesc.com/tejoaot hyperties
2016-03-01 15:18:27 INFO  HypertyController:39 - Received request for user://inesc.com/tejoaot hyperties
2016-03-01 15:18:27 INFO  HypertyController:39 - Received request for user://inesc.com/tejoaot hyperties
2016-03-01 15:18:28 INFO  HypertyController:39 - Received request for user://inesc.com/tejoaot hyperties
2016-03-01 15:18:28 INFO  HypertyController:39 - Received request for user://inesc.com/tejoaot hyperties
2016-03-01 15:18:28 INFO  HypertyController:39 - Received request for user://inesc.com/tejoaot hyperties
2016-03-01 15:18:28 INFO  HypertyController:39 - Received request for user://inesc.com/tejoaot hyperties
2016-03-01 15:18:29 INFO  HypertyController:39 - Received request for user://inesc.com/tejoaot hyperties
2016-03-01 15:18:29 INFO  HypertyController:39 - Received request for user://inesc.com/tejoaot hyperties
2016-03-01 15:18:30 INFO  HypertyController:39 - Received request for user://inesc.com/tejoaot hyperties
2016-03-01 15:18:30 INFO  HypertyController:39 - Received request for user://inesc.com/tejoaot hyperties
2016-03-01 15:18:31 INFO  HypertyController:39 - Received request for user://inesc.com/tejoaot hyperties
2016-03-01 15:18:31 INFO  HypertyService:67 - Deleted hypertyhyperty://matrix1.rethink/matrixmn/hyperty/b3031ee5-1c0c-4bppasasdpc-8529-f3af7577bf98 from user user://inesc.com/tejoaot
2016-03-01 15:18:31 INFO  HypertyController:39 - Received request for user://inesc.com/tejoaot hyperties
2016-03-01 15:18:32 INFO  HypertyController:39 - Received request for user://inesc.com/tejoaot hyperties
2016-03-01 15:18:32 INFO  HypertyController:39 - Received request for user://inesc.com/tejoaot hyperties
2016-03-01 15:37:44 INFO  HypertyController:51 - Received hyperty with ID: hyperty://matrix1.rethink/matrixmn/hyperty/b3031ee5-1c0c-4bpppc-8529-f3af7577bf98 and descriptor: hyperty-catalogue://ua-id.pt/1/123-Ha-pp3123
2016-03-01 15:37:44 INFO  HypertyController:54 - Created hyperty with ID: hyperty://matrix1.rethink/matrixmn/hyperty/b3031ee5-1c0c-4bpppc-8529-f3af7577bf98
2016-03-01 15:37:45 INFO  HypertyController:39 - Received request for user://inesc.com/tejoaot hyperties
2016-03-01 15:37:47 INFO  HypertyController:39 - Received request for user://inesc.com/tejoao hyperties
2016-03-01 15:37:49 INFO  HypertyController:39 - Received request for user://inesc.com/tejoao hyperties
2016-03-01 15:37:51 INFO  HypertyController:39 - Received request for user://inesc.com/tejoaot hyperties
2016-03-01 15:38:09 INFO  HypertyController:51 - Received hyperty with ID: hyperty://matrix1.rethink/matrixmn/hyperty/b3031ee5-1c0c-4bpppc-8529-f3af7577bf98 and descriptor: hyperty-catalogue://ua-id.pt/1/123-Ha-pp3123
2016-03-01 15:38:09 INFO  HypertyController:54 - Created hyperty with ID: hyperty://matrix1.rethink/matrixmn/hyperty/b3031ee5-1c0c-4bpppc-8529-f3af7577bf98
2016-03-01 15:38:10 INFO  HypertyController:39 - Received request for user://inesc.com/tejoaot hyperties
2016-03-01 15:38:19 INFO  HypertyController:39 - Received request for user://inesc.com/tejoaot hyperties
2016-03-01 15:39:01 INFO  HypertyController:51 - Received hyperty with ID: hyperty://matrix1.rethink/matrixmn/hyperty/b3031ee5-1c0c-4bpppc-8529-f3af7577bf98 and descriptor: hyperty-catalogue://ua-id.pt/1/123-Ha-pp3123
2016-03-01 15:39:01 INFO  HypertyController:54 - Created hyperty with ID: hyperty://matrix1.rethink/matrixmn/hyperty/b3031ee5-1c0c-4bpppc-8529-f3af7577bf98
2016-03-01 15:39:05 INFO  HypertyController:39 - Received request for user://inesc.com/tejoaot hyperties
2016-03-01 15:39:36 INFO  HypertyController:51 - Received hyperty with ID: hyperty://matrix1.rethink/matrixmn/hyperty/b3031ee5-1c0c-4bpppc-8529-f3af7577bf98 and descriptor: hyperty-catalogue://ua-id.pt/1/123-Ha-pp3123
2016-03-01 15:39:36 INFO  HypertyController:54 - Created hyperty with ID: hyperty://matrix1.rethink/matrixmn/hyperty/b3031ee5-1c0c-4bpppc-8529-f3af7577bf98
2016-03-01 15:39:38 INFO  HypertyController:39 - Received request for user://inesc.com/tejoaot hyperties
2016-03-01 15:39:40 INFO  HypertyController:39 - Received request for user://inesc.com/tejoaot hyperties
2016-03-01 15:39:41 INFO  HypertyController:39 - Received request for user://inesc.com/tejoaot hyperties
2016-03-01 15:39:41 INFO  HypertyController:39 - Received request for user://inesc.com/tejoaot hyperties
2016-03-01 15:39:42 INFO  HypertyController:39 - Received request for user://inesc.com/tejoaot hyperties
2016-03-01 15:39:42 INFO  HypertyController:39 - Received request for user://inesc.com/tejoaot hyperties
2016-03-01 15:39:43 INFO  HypertyController:39 - Received request for user://inesc.com/tejoaot hyperties
2016-03-01 15:39:43 INFO  HypertyController:39 - Received request for user://inesc.com/tejoaot hyperties
2016-03-01 15:39:43 INFO  HypertyController:39 - Received request for user://inesc.com/tejoaot hyperties
2016-03-01 15:39:44 INFO  HypertyController:39 - Received request for user://inesc.com/tejoaot hyperties
2016-03-01 15:39:47 INFO  HypertyController:39 - Received request for user://inesc.com/tejoaot hyperties
2016-03-01 15:39:47 INFO  HypertyService:68 - Deleted hypertyhyperty://matrix1.rethink/matrixmn/hyperty/b3031ee5-1c0c-4bpppc-8529-f3af7577bf98 from user user://inesc.com/tejoaot
2016-03-01 15:43:16 INFO  HypertyController:51 - Received hyperty with ID: hyperty://matrix1.rethink/matrixmn/hyperty/b3031ee5-1c0c-4bpppc-8529-f3af7577bf98 and descriptor: hyperty-catalogue://ua-id.pt/1/123-Ha-pp3123
2016-03-01 15:43:16 INFO  HypertyController:54 - Created hyperty with ID: hyperty://matrix1.rethink/matrixmn/hyperty/b3031ee5-1c0c-4bpppc-8529-f3af7577bf98
2016-03-01 15:43:29 INFO  HypertyController:51 - Received hyperty with ID: hyperty://matrix1.rethink/matrixmn/hyperty/b3031ee5-1c0c-4bpppc-8529-f3af7577bf98 and descriptor: hyperty-catalogue://ua-id.pt/1/123-Ha-pp3123
2016-03-01 15:43:29 INFO  HypertyController:54 - Created hyperty with ID: hyperty://matrix1.rethink/matrixmn/hyperty/b3031ee5-1c0c-4bpppc-8529-f3af7577bf98
2016-03-01 15:44:10 INFO  HypertyService:68 - Deleted hypertyhyperty://matrix1.rethink/matrixmn/hyperty/b3031ee5-1c0c-4bpppc-8529-f3af7577bf98 from user user://inesc.com/tejoaot
2016-03-01 15:44:47 INFO  HypertyController:39 - Received request for user://inesc.com/tejoaot hyperties
2016-03-01 15:45:06 INFO  HypertyController:39 - Received request for user://inesc.com/tejoao hyperties
2016-03-01 15:45:06 INFO  HypertyService:68 - Deleted hypertyhyperty://matrix1.rethink/matrixmn/hyperty/b3031ee5-1c0c-4bpppc-8529-f3af7577bf98 from user user://inesc.com/tejoao
2016-03-01 15:45:08 INFO  HypertyController:39 - Received request for user://inesc.com/tejoao hyperties
2016-03-01 15:45:19 INFO  HypertyController:51 - Received hyperty with ID: hyperty://matrix1.rethink/matrixmn/hyperty/b3031ee5-1c0c-4bpppc-8529-f3af7577bf98 and descriptor: hyperty-catalogue://ua-id.pt/1/123-Ha-pp3123
2016-03-01 15:45:19 INFO  HypertyController:54 - Created hyperty with ID: hyperty://matrix1.rethink/matrixmn/hyperty/b3031ee5-1c0c-4bpppc-8529-f3af7577bf98
2016-03-01 15:45:21 INFO  HypertyController:39 - Received request for user://inesc.com/tejoao hyperties
2016-03-01 15:45:23 INFO  HypertyController:39 - Received request for user://inesc.com/tejoao hyperties
2016-03-01 15:45:24 INFO  HypertyController:39 - Received request for user://inesc.com/tejoao hyperties
2016-03-01 15:45:25 INFO  HypertyController:39 - Received request for user://inesc.com/tejoao hyperties
2016-03-01 15:45:26 INFO  HypertyController:39 - Received request for user://inesc.com/tejoao hyperties
2016-03-01 15:46:10 INFO  HypertyService:68 - Deleted hypertyhyperty://matrix1.rethink/matrixmn/hyperty/b3031ee5-1c0c-4bpppc-8529-f3af7577bf98 from user user://inesc.com/tejoao
2016-03-01 15:47:48 INFO  HypertyController:51 - Received hyperty with ID: hyperty://matrix1.rethink/matrixmn/hyperty/b3031ee5-1c0c-4bpppc-8529-f3af7577bf98 and descriptor: hyperty-catalogue://ua-id.pt/1/123-Ha-pp3123
2016-03-01 15:47:48 INFO  HypertyController:54 - Created hyperty with ID: hyperty://matrix1.rethink/matrixmn/hyperty/b3031ee5-1c0c-4bpppc-8529-f3af7577bf98
2016-03-01 15:47:51 INFO  HypertyController:39 - Received request for user://inesc.com/tejoao hyperties
2016-03-01 15:48:10 INFO  HypertyService:68 - Deleted hypertyhyperty://matrix1.rethink/matrixmn/hyperty/b3031ee5-1c0c-4bpppc-8529-f3af7577bf98 from user user://inesc.com/tejoao
2016-03-01 15:48:40 INFO  HypertyController:51 - Received hyperty with ID: hyperty://matrix1.rethink/matrixmn/hyperty/b3031ee5-1c0c-4bpppc-8529-f3af7577bf98 and descriptor: hyperty-catalogue://ua-id.pt/1/123-Ha-pp3123
2016-03-01 15:48:40 INFO  HypertyController:54 - Created hyperty with ID: hyperty://matrix1.rethink/matrixmn/hyperty/b3031ee5-1c0c-4bpppc-8529-f3af7577bf98
2016-03-01 15:48:43 INFO  HypertyController:39 - Received request for user://inesc.com/tejoao hyperties
2016-03-01 15:49:36 INFO  HypertyService:68 - Deleted hypertyhyperty://matrix1.rethink/matrixmn/hyperty/b3031ee5-1c0c-4bpppc-8529-f3af7577bf98 from user user://inesc.com/tejoao
2016-03-01 15:49:47 INFO  HypertyController:39 - Received request for user://inesc.com/tejoao hyperties
2016-03-01 15:50:00 INFO  HypertyController:51 - Received hyperty with ID: hyperty://matrix1.rethink/matrixmn/hyperty/b3031ee5-1c0c-4bpppc-8529-f3af7577bf98 and descriptor: hyperty-catalogue://ua-id.pt/1/123-Ha-pp3123
2016-03-01 15:50:00 INFO  HypertyController:54 - Created hyperty with ID: hyperty://matrix1.rethink/matrixmn/hyperty/b3031ee5-1c0c-4bpppc-8529-f3af7577bf98
2016-03-01 15:50:02 INFO  HypertyController:39 - Received request for user://inesc.com/tejoao hyperties
2016-03-01 15:50:13 INFO  HypertyController:51 - Received hyperty with ID: hyperty://matrix1.rethink/matrixmn/hyperty/b3031ee5-1c0c-4bpppc-8529-f3af7577bf98 and descriptor: hyperty-catalogue://ua-id.pt/1/123-Ha-pp3123
2016-03-01 15:50:13 INFO  HypertyController:54 - Created hyperty with ID: hyperty://matrix1.rethink/matrixmn/hyperty/b3031ee5-1c0c-4bpppc-8529-f3af7577bf98
2016-03-01 15:50:36 INFO  HypertyService:68 - Deleted hypertyhyperty://matrix1.rethink/matrixmn/hyperty/b3031ee5-1c0c-4bpppc-8529-f3af7577bf98 from user user://inesc.com/tejoaot
2016-03-01 15:50:36 INFO  HypertyService:68 - Deleted hypertyhyperty://matrix1.rethink/matrixmn/hyperty/b3031ee5-1c0c-4bpppc-8529-f3af7577bf98 from user user://inesc.com/tejoao
2016-03-01 15:51:20 INFO  HypertyController:51 - Received hyperty with ID: hyperty://matrix1.rethink/matrixmn/hyperty/b3031ee5-1c0c-4bpppc-8529-f3af7577bf98 and descriptor: hyperty-catalogue://ua-id.pt/1/123-Ha-pp3123
2016-03-01 15:51:20 INFO  HypertyController:54 - Created hyperty with ID: hyperty://matrix1.rethink/matrixmn/hyperty/b3031ee5-1c0c-4bpppc-8529-f3af7577bf98
2016-03-01 15:51:21 INFO  HypertyController:51 - Received hyperty with ID: hyperty://matrix1.rethink/matrixmn/hyperty/b3031ee5-1c0c-4bpppc-8529-f3af7577bf98 and descriptor: hyperty-catalogue://ua-id.pt/1/123-Ha-pp3123
2016-03-01 15:51:21 INFO  HypertyController:54 - Created hyperty with ID: hyperty://matrix1.rethink/matrixmn/hyperty/b3031ee5-1c0c-4bpppc-8529-f3af7577bf98
2016-03-01 15:54:42 INFO  HypertyController:39 - Received request for user://inesc.com/tejoao hyperties
2016-03-01 15:54:42 INFO  HypertyService:68 - Deleted hypertyhyperty://matrix1.rethink/matrixmn/hyperty/b3031ee5-1c0c-4bpppc-8529-f3af7577bf98 from user user://inesc.com/tejoao
2016-03-01 15:54:47 INFO  HypertyController:39 - Received request for user://inesc.com/tejoaot hyperties
2016-03-01 15:54:47 INFO  HypertyService:68 - Deleted hypertyhyperty://matrix1.rethink/matrixmn/hyperty/b3031ee5-1c0c-4bpppc-8529-f3af7577bf98 from user user://inesc.com/tejoaot
2016-03-01 18:54:37 INFO  HypertyController:51 - Received hyperty with ID: hyperty1 and descriptor: kkk11jasdasdAA
2016-03-01 18:54:37 INFO  HypertyController:54 - Created hyperty with ID: hyperty1
2016-03-01 18:54:37 INFO  HypertyController:51 - Received hyperty with ID: hyperty2 and descriptor: asdasd112AA
2016-03-01 18:54:37 INFO  HypertyController:54 - Created hyperty with ID: hyperty2
2016-03-01 18:54:37 INFO  HypertyController:39 - Received request for ruijose@inesc.pt hyperties
2016-03-01 18:54:37 INFO  HypertyController:39 - Received request for nuno@inesc.pt hyperties
2016-03-01 18:54:39 INFO  HypertyController:51 - Received hyperty with ID: hyperty1 and descriptor: 12312321istuapt
2016-03-01 18:54:39 INFO  HypertyController:54 - Created hyperty with ID: hyperty1
2016-03-01 18:54:39 INFO  HypertyController:39 - Received request for ruijose@inesc.pt hyperties
2016-03-01 18:54:39 INFO  HypertyService:68 - Deleted hypertyhyperty1 from user ruijose@inesc.pt
2016-03-01 18:54:39 INFO  HypertyController:65 - Deleted hyperty with ID: hyperty1
2016-03-01 18:54:39 INFO  HypertyService:68 - Deleted hypertyhyperty2 from user ruijose@inesc.pt
2016-03-01 18:54:39 INFO  HypertyController:65 - Deleted hyperty with ID: hyperty2
2016-03-01 18:55:18 INFO  HypertyService:68 - Deleted hypertyhyperty://ines-id.pt/123-Ha-123123 from user user://inesc-id.pt/ruimangas
2016-03-01 18:55:18 INFO  HypertyService:68 - Deleted hypertyhyperty://ines-id.pt/123-Ha-123123 from user user://inesc-id.pt/ruimangas
2016-03-01 18:56:06 INFO  HypertyController:51 - Received hyperty with ID: hyperty://matrix1.rethink/matrixmn/hyperty/b3031ee5-1c0c-4bpppc-8529-f3af7577bf98 and descriptor: hyperty-catalogue://ua-id.pt/1/123-Ha-pp3123
2016-03-01 18:56:06 INFO  HypertyController:54 - Created hyperty with ID: hyperty://matrix1.rethink/matrixmn/hyperty/b3031ee5-1c0c-4bpppc-8529-f3af7577bf98
2016-03-01 18:56:10 INFO  HypertyController:39 - Received request for user://inesc.com/tejoao hyperties
2016-03-01 18:56:11 INFO  HypertyController:39 - Received request for user://inesc.com/tejoao hyperties
2016-03-01 18:56:12 INFO  HypertyController:39 - Received request for user://inesc.com/tejoao hyperties
2016-03-01 18:56:12 INFO  HypertyController:39 - Received request for user://inesc.com/tejoao hyperties
2016-03-01 18:56:12 INFO  HypertyController:39 - Received request for user://inesc.com/tejoao hyperties
2016-03-01 18:56:13 INFO  HypertyController:39 - Received request for user://inesc.com/tejoao hyperties
2016-03-01 18:56:13 INFO  HypertyController:39 - Received request for user://inesc.com/tejoao hyperties
2016-03-01 18:56:13 INFO  HypertyController:39 - Received request for user://inesc.com/tejoao hyperties
2016-03-01 18:56:14 INFO  HypertyController:39 - Received request for user://inesc.com/tejoao hyperties
2016-03-01 18:56:14 INFO  HypertyController:39 - Received request for user://inesc.com/tejoao hyperties
2016-03-01 18:56:14 INFO  HypertyController:39 - Received request for user://inesc.com/tejoao hyperties
2016-03-01 18:56:15 INFO  HypertyController:39 - Received request for user://inesc.com/tejoao hyperties
2016-03-01 18:56:15 INFO  HypertyController:39 - Received request for user://inesc.com/tejoao hyperties
2016-03-01 18:56:16 INFO  HypertyController:39 - Received request for user://inesc.com/tejoao hyperties
2016-03-01 18:56:16 INFO  HypertyController:39 - Received request for user://inesc.com/tejoao hyperties
2016-03-01 18:56:16 INFO  HypertyController:39 - Received request for user://inesc.com/tejoao hyperties
2016-03-01 18:56:16 INFO  HypertyController:39 - Received request for user://inesc.com/tejoao hyperties
2016-03-01 18:56:17 INFO  HypertyController:39 - Received request for user://inesc.com/tejoao hyperties
2016-03-01 18:56:17 INFO  HypertyService:68 - Deleted hypertyhyperty://matrix1.rethink/matrixmn/hyperty/b3031ee5-1c0c-4bpppc-8529-f3af7577bf98 from user user://inesc.com/tejoao
2016-03-01 18:56:17 INFO  HypertyController:39 - Received request for user://inesc.com/tejoao hyperties
2016-03-01 18:56:18 INFO  HypertyController:39 - Received request for user://inesc.com/tejoao hyperties
2016-03-01 18:56:18 INFO  HypertyController:39 - Received request for user://inesc.com/tejoao hyperties
2016-03-03 17:58:31 INFO  HypertyController:39 - Received request for user://inesc.com/tejoao hyperties
2016-03-03 17:59:21 INFO  HypertyController:39 - Received request for user://inesc.com/tejoao hyperties
2016-03-03 17:59:31 INFO  HypertyController:51 - Received hyperty with ID: hyperty://matrix1.rethink/matrixmn/hyperty/b3031ee5-1c0c-4bpppc-8529-f3af7577bf98 and descriptor: hyperty-catalogue://ua-id.pt/1/123-Ha-ruipp3123
2016-03-03 17:59:31 INFO  HypertyController:54 - Created hyperty with ID: hyperty://matrix1.rethink/matrixmn/hyperty/b3031ee5-1c0c-4bpppc-8529-f3af7577bf98
2016-03-03 17:59:36 INFO  HypertyController:39 - Received request for user://inesc.com/tejoao hyperties
2016-03-03 17:59:47 INFO  HypertyController:51 - Received hyperty with ID: hyperty://matrix1.rethink/matrixmn/hyperty/b3031ee5-1c0c-4bpppc-8529-f3af7577bf98 and descriptor: hyperty-catalogue://ist-id.pt/1/123-Ha-ruipp3123
2016-03-03 17:59:47 INFO  HypertyController:54 - Created hyperty with ID: hyperty://matrix1.rethink/matrixmn/hyperty/b3031ee5-1c0c-4bpppc-8529-f3af7577bf98
2016-03-03 17:59:50 INFO  HypertyController:39 - Received request for user://inesc.com/tejoao hyperties
2016-03-03 18:01:30 INFO  HypertyController:51 - Received hyperty with ID: hyperty://matrix1.rethink/matrixmn/hyperty/b3031ee5-1c0c-4bpppc-8529-f3af7577bf98 descriptor: hyperty-catalogue://ist-id.pt/1/123-Ha-ruipp312312
2016-03-03 18:01:30 INFO  HypertyController:54 - Created hyperty with ID: hyperty://matrix1.rethink/matrixmn/hyperty/b3031ee5-1c0c-4bpppc-8529-f3af7577bf98
2016-03-03 18:05:25 INFO  HypertyController:51 - Received hyperty with ID: hyperty://matrix1.rethink/matrixmn/hyperty/b3031ee5-1c0c-4bpppc-8529-f3af7577bf98 descriptor: hyperty-catalogue://ist-id.pt/1/123-Ha-ruipp3123 expires 12
2016-03-03 18:05:25 INFO  HypertyController:55 - Created hyperty with ID: hyperty://matrix1.rethink/matrixmn/hyperty/b3031ee5-1c0c-4bpppc-8529-f3af7577bf98
2016-03-03 18:05:36 INFO  HypertyController:51 - Received hyperty with ID: hyperty://matrix1.rethink/matrixmn/hyperty/b3031ee5-1c0c-4bpppc-8529-f3af7577bf98 descriptor: hyperty-catalogue://ist-id.pt/1/123-Ha-ruipp3123 expires 15
2016-03-03 18:05:36 INFO  HypertyController:55 - Created hyperty with ID: hyperty://matrix1.rethink/matrixmn/hyperty/b3031ee5-1c0c-4bpppc-8529-f3af7577bf98
2016-03-03 18:05:45 INFO  HypertyController:39 - Received request for user://inesc.com/tejoao hyperties
2016-03-03 18:07:22 INFO  HypertyController:39 - Received request for user://inesc.com/tejoao hyperties
2016-03-03 18:07:26 INFO  HypertyController:51 - Received hyperty with ID: hyperty://matrix1.rethink/matrixmn/hyperty/b3031ee5-1c0c-4bpppc-8529-f3af7577bf98 descriptor: hyperty-catalogue://ist-id.pt/1/123-Ha-ruipp3123 expires 12
2016-03-03 18:07:26 INFO  HypertyController:55 - Created hyperty with ID: hyperty://matrix1.rethink/matrixmn/hyperty/b3031ee5-1c0c-4bpppc-8529-f3af7577bf98
2016-03-03 18:07:32 INFO  HypertyController:39 - Received request for user://inesc.com/tejoao hyperties
2016-03-03 18:07:36 INFO  HypertyController:51 - Received hyperty with ID: hyperty://matrix1.rethink/matrixmn/hyperty/b3031ee5-1c0c-4bpppc-8529-f3af7577bf98 descriptor: hyperty-catalogue://ist-id.pt/1/123-Ha-ruipp3123 expires 15
2016-03-03 18:07:36 INFO  HypertyController:55 - Created hyperty with ID: hyperty://matrix1.rethink/matrixmn/hyperty/b3031ee5-1c0c-4bpppc-8529-f3af7577bf98
2016-03-03 18:07:39 INFO  HypertyController:39 - Received request for user://inesc.com/tejoao hyperties
2016-03-09 11:41:09 INFO  HypertyService:71 - Deleted hypertyhyperty://ines-id.pt/123-Ha-123123 from user user://inesc-id.pt/ruimangas
2016-03-09 11:41:09 INFO  HypertyService:71 - Deleted hypertyhyperty://ines-id.pt/123-Ha-123123 from user user://inesc-id.pt/ruimangas
2016-03-09 11:54:31 ERROR Main:33 - No contact points provided
2016-03-09 12:02:59 ERROR Main:34 - No contact points provided. Requests wont be saved.
2016-03-09 12:07:45 ERROR Main:34 - No contact points provided. Requests wont be saved.
2016-03-09 12:08:26 ERROR Main:34 - No contact points provided. Requests wont be saved.
